Thu Dec 03 07:02:19 PM 2015
file: 1/1
total samples: 38 
-------------: 
covariate: disease state
	 Healthy - 11 
	 Rhinitis - 14 
	 Rhinitis with controlled asthma - 7 
	 Uncontrolled asthma - 6 
covariate: tissue
	 Nasal airway epithelium - 38 
covariate: gender
	 Female - 18 
	 Male - 20 
covariate: age
	 10.16563997 y - 1 
	 10.19575633 y - 1 
	 10.94592745 y - 1 
	 11.32 y - 1 
	 11.74 y - 1 
	 11.90 y - 1 
	 12.12 y - 1 
	 12.57 y - 1 
	 13.05 y - 1 
	 13.08692676 y - 1 
	 13.66461328 y - 1 
	 13.91 y - 1 
	 13.92744695 y - 1 
	 14.00 y - 1 
	 14.16 y - 1 
	 14.28 y - 1 
	 14.38 y - 1 
	 14.39 y - 1 
	 14.46 y - 1 
	 15.96 y - 1 
	 16.11 y - 1 
	 6.41 y - 1 
	 6.73 y - 1 
	 7.05 y - 1 
	 7.49 y - 1 
	 7.50 y - 1 
	 7.81 y - 1 
	 8.093086927 y - 1 
	 8.62 y - 1 
	 8.71 y - 1 
	 8.82 y - 1 
	 8.930869268 y - 1 
	 9.01 y - 1 
	 9.32 y - 1 
	 9.36 y - 1 
	 9.61 y - 1 
	 9.637234771 y - 1 
	 9.81 y - 1 
