Mon Jan 18 09:45:53 PM 2016
file: 1/1
status: Public on Mar 31 2010 
data processing: R/Bioconductor GC-RMA normalization log2 
type: RNA 
platform_id: GPL96 
total samples: 16 
-------------: 
covariate: cell type
	 epithelial cells - 1 
covariate: cell type
	 epithelial cells - 1 
covariate: cell type
	 epithelial cells - 1 
covariate: cell type
	 epithelial cells - 1 
covariate: cell type
	 epithelial cells - 1 
covariate: cell type
	 epithelial cells - 1 
covariate: cell type
	 epithelial cells - 1 
covariate: cell type
	 epithelial cells - 1 
covariate: cell type
	 epithelial cells - 1 
covariate: cell type
	 epithelial cells - 1 
covariate: cell type
	 epithelial cells - 1 
covariate: cell type
	 epithelial cells - 1 
covariate: cell type
	 epithelial cells - 1 
covariate: cell type
	 epithelial cells - 1 
covariate: cell type
	 epithelial cells - 1 
covariate: cell type
	 epithelial cells - 1 
