Thu Dec 03 07:01:47 PM 2015
file: 1/1
total samples: 108 
-------------: 
covariate: disease state
	 Control - 20 
	 Moderate Asthma - 50 
	 Severe Asthma - 38 
covariate: cell type
	 Fresh Bronchial Epithelial Cells - 108 
covariate: gender
	 female - 74 
	 male - 34 
covariate: age
	 18.18082 - 1 
	 19.40822 - 1 
	 19.67397 - 1 
	 19.96712 - 1 
	 20.27123 - 1 
	 20.29041 - 1 
	 20.38904 - 1 
	 20.57534 - 1 
	 20.98904 - 1 
	 21.1863 - 1 
	 21.40548 - 1 
	 21.45479 - 1 
	 21.8274 - 1 
	 22.31507 - 1 
	 22.80822 - 1 
	 23.33973 - 1 
	 23.54521 - 1 
	 23.6137 - 1 
	 23.9589 - 1 
	 24.21096 - 1 
	 24.32603 - 1 
	 24.37534 - 1 
	 24.57534 - 1 
	 24.77534 - 2 
	 24.95342 - 1 
	 25.57808 - 1 
	 25.68219 - 1 
	 25.79452 - 1 
	 25.86575 - 1 
	 26.55342 - 1 
	 26.8 - 1 
	 27.08767 - 1 
	 27.26575 - 1 
	 27.56164 - 1 
	 28.81096 - 1 
	 28.88767 - 1 
	 29.01644 - 1 
	 29.04384 - 1 
	 29.26301 - 1 
	 29.72329 - 1 
	 30.0411 - 1 
	 30.42192 - 1 
	 30.4411 - 1 
	 30.47945 - 1 
	 30.79726 - 1 
	 31.41096 - 1 
	 31.51233 - 1 
	 32.96164 - 1 
	 33.34247 - 1 
	 33.53973 - 1 
	 34.13425 - 1 
	 34.37808 - 1 
	 35.01096 - 1 
	 35.43014 - 1 
	 36.00274 - 1 
	 36.89315 - 1 
	 37.89315 - 1 
	 39.88219 - 1 
	 40.06301 - 1 
	 40.17808 - 1 
	 41.25205 - 1 
	 41.51233 - 1 
	 41.5589 - 1 
	 42.15616 - 1 
	 42.64384 - 1 
	 42.82192 - 1 
	 42.93699 - 1 
	 43.23288 - 2 
	 43.41918 - 1 
	 43.59178 - 1 
	 44.0274 - 1 
	 44.58082 - 1 
	 46.16712 - 1 
	 46.25205 - 1 
	 46.39726 - 1 
	 46.63562 - 1 
	 46.68219 - 1 
	 46.70685 - 1 
	 47.06301 - 1 
	 47.31781 - 1 
	 47.74521 - 1 
	 48.09041 - 1 
	 48.13151 - 1 
	 48.36986 - 1 
	 48.50137 - 1 
	 48.72877 - 1 
	 49.07945 - 1 
	 49.34795 - 1 
	 50.28767 - 1 
	 50.55616 - 1 
	 50.98904 - 1 
	 52.78082 - 1 
	 54.32329 - 1 
	 54.90137 - 1 
	 55.22192 - 1 
	 55.27671 - 1 
	 56.76164 - 1 
	 56.7726 - 1 
	 56.77534 - 1 
	 56.86027 - 1 
	 57.34247 - 1 
	 58.44932 - 1 
	 59.3726 - 1 
	 59.49589 - 1 
	 60.6137 - 1 
	 62.05479 - 1 
